[0.015s] Invoking command in '/home/toni/ros2_ws/src/sam_bot_description/build/sam_bot_description': CMAKE_PREFIX_PATH=${CMAKE_PREFIX_PATH}:/opt/ros/humble /usr/bin/cmake /home/toni/ros2_ws/src/sam_bot_description -DCMAKE_INSTALL_PREFIX=/home/toni/ros2_ws/src/sam_bot_description/install/sam_bot_description
[0.103s] -- The C compiler identification is GNU 11.4.0
[0.191s] -- The CXX compiler identification is GNU 11.4.0
[0.204s] -- Detecting C compiler ABI info
[0.293s] -- Detecting C compiler ABI info - done
[0.316s] -- Check for working C compiler: /usr/bin/cc - skipped
[0.317s] -- Detecting C compile features
[0.318s] -- Detecting C compile features - done
[0.326s] -- Detecting CXX compiler ABI info
[0.431s] -- Detecting CXX compiler ABI info - done
[0.456s] -- Check for working CXX compiler: /usr/bin/c++ - skipped
[0.457s] -- Detecting CXX compile features
[0.458s] -- Detecting CXX compile features - done
[0.467s] -- Found ament_cmake: 1.3.10 (/opt/ros/humble/share/ament_cmake/cmake)
[0.691s] -- Found Python3: /usr/bin/python3 (found version "3.10.12") found components: Interpreter 
[0.834s] -- Found ament_lint_auto: 0.12.11 (/opt/ros/humble/share/ament_lint_auto/cmake)
[0.937s] -- Added test 'cppcheck' to perform static code analysis on C / C++ code
[0.937s] -- Configured cppcheck include dirs: 
[0.937s] -- Configured cppcheck exclude dirs and/or files: 
[0.938s] -- Added test 'flake8' to check Python code syntax and style conventions
[0.941s] -- Added test 'lint_cmake' to check CMake code style
[0.942s] -- Added test 'pep257' to check Python code against some of the docstring style conventions in PEP 257
[0.949s] -- Added test 'uncrustify' to check C / C++ code style
[0.949s] -- Configured uncrustify additional arguments: 
[0.950s] -- Added test 'xmllint' to check XML markup files
[0.952s] -- Configuring done
[0.956s] -- Generating done
[0.957s] -- Build files have been written to: /home/toni/ros2_ws/src/sam_bot_description/build/sam_bot_description
[0.963s] Invoked command in '/home/toni/ros2_ws/src/sam_bot_description/build/sam_bot_description' returned '0': CMAKE_PREFIX_PATH=${CMAKE_PREFIX_PATH}:/opt/ros/humble /usr/bin/cmake /home/toni/ros2_ws/src/sam_bot_description -DCMAKE_INSTALL_PREFIX=/home/toni/ros2_ws/src/sam_bot_description/install/sam_bot_description
[0.966s] Invoking command in '/home/toni/ros2_ws/src/sam_bot_description/build/sam_bot_description': CMAKE_PREFIX_PATH=${CMAKE_PREFIX_PATH}:/opt/ros/humble /usr/bin/cmake --build /home/toni/ros2_ws/src/sam_bot_description/build/sam_bot_description -- -j16 -l16
[1.053s] Invoked command in '/home/toni/ros2_ws/src/sam_bot_description/build/sam_bot_description' returned '0': CMAKE_PREFIX_PATH=${CMAKE_PREFIX_PATH}:/opt/ros/humble /usr/bin/cmake --build /home/toni/ros2_ws/src/sam_bot_description/build/sam_bot_description -- -j16 -l16
[1.124s] Invoking command in '/home/toni/ros2_ws/src/sam_bot_description/build/sam_bot_description': CMAKE_PREFIX_PATH=${CMAKE_PREFIX_PATH}:/opt/ros/humble /usr/bin/cmake --install /home/toni/ros2_ws/src/sam_bot_description/build/sam_bot_description
[1.135s] -- Install configuration: ""
[1.135s] -- Installing: /home/toni/ros2_ws/src/sam_bot_description/install/sam_bot_description/share/sam_bot_description/src
[1.135s] -- Installing: /home/toni/ros2_ws/src/sam_bot_description/install/sam_bot_description/share/sam_bot_description/src/description
[1.136s] -- Installing: /home/toni/ros2_ws/src/sam_bot_description/install/sam_bot_description/share/sam_bot_description/src/description/sam_bot_description.urdf
[1.136s] -- Installing: /home/toni/ros2_ws/src/sam_bot_description/install/sam_bot_description/share/sam_bot_description/launch
[1.136s] -- Installing: /home/toni/ros2_ws/src/sam_bot_description/install/sam_bot_description/share/sam_bot_description/launch/display.launch.py
[1.136s] -- Installing: /home/toni/ros2_ws/src/sam_bot_description/install/sam_bot_description/share/sam_bot_description/rviz
[1.137s] -- Installing: /home/toni/ros2_ws/src/sam_bot_description/install/sam_bot_description/share/sam_bot_description/rviz/urdf_config.rviz
[1.137s] -- Installing: /home/toni/ros2_ws/src/sam_bot_description/install/sam_bot_description/share/ament_index/resource_index/package_run_dependencies/sam_bot_description
[1.137s] -- Installing: /home/toni/ros2_ws/src/sam_bot_description/install/sam_bot_description/share/ament_index/resource_index/parent_prefix_path/sam_bot_description
[1.137s] -- Installing: /home/toni/ros2_ws/src/sam_bot_description/install/sam_bot_description/share/sam_bot_description/environment/ament_prefix_path.sh
[1.138s] -- Installing: /home/toni/ros2_ws/src/sam_bot_description/install/sam_bot_description/share/sam_bot_description/environment/ament_prefix_path.dsv
[1.138s] -- Installing: /home/toni/ros2_ws/src/sam_bot_description/install/sam_bot_description/share/sam_bot_description/environment/path.sh
[1.138s] -- Installing: /home/toni/ros2_ws/src/sam_bot_description/install/sam_bot_description/share/sam_bot_description/environment/path.dsv
[1.139s] -- Installing: /home/toni/ros2_ws/src/sam_bot_description/install/sam_bot_description/share/sam_bot_description/local_setup.bash
[1.139s] -- Installing: /home/toni/ros2_ws/src/sam_bot_description/install/sam_bot_description/share/sam_bot_description/local_setup.sh
[1.139s] -- Installing: /home/toni/ros2_ws/src/sam_bot_description/install/sam_bot_description/share/sam_bot_description/local_setup.zsh
[1.139s] -- Installing: /home/toni/ros2_ws/src/sam_bot_description/install/sam_bot_description/share/sam_bot_description/local_setup.dsv
[1.140s] -- Installing: /home/toni/ros2_ws/src/sam_bot_description/install/sam_bot_description/share/sam_bot_description/package.dsv
[1.140s] -- Installing: /home/toni/ros2_ws/src/sam_bot_description/install/sam_bot_description/share/ament_index/resource_index/packages/sam_bot_description
[1.140s] -- Installing: /home/toni/ros2_ws/src/sam_bot_description/install/sam_bot_description/share/sam_bot_description/cmake/sam_bot_descriptionConfig.cmake
[1.140s] -- Installing: /home/toni/ros2_ws/src/sam_bot_description/install/sam_bot_description/share/sam_bot_description/cmake/sam_bot_descriptionConfig-version.cmake
[1.141s] -- Installing: /home/toni/ros2_ws/src/sam_bot_description/install/sam_bot_description/share/sam_bot_description/package.xml
[1.144s] Invoked command in '/home/toni/ros2_ws/src/sam_bot_description/build/sam_bot_description' returned '0': CMAKE_PREFIX_PATH=${CMAKE_PREFIX_PATH}:/opt/ros/humble /usr/bin/cmake --install /home/toni/ros2_ws/src/sam_bot_description/build/sam_bot_description
