[0.017s] Invoking command in '/home/toni/ros2_ws/src/sam_bot_description/build/sam_bot_description': CMAKE_PREFIX_PATH=/opt/ros/humble /usr/bin/cmake --build /home/toni/ros2_ws/src/sam_bot_description/build/sam_bot_description -- -j16 -l16
[0.045s] -- Found ament_cmake: 1.3.10 (/opt/ros/humble/share/ament_cmake/cmake)
[0.219s] -- Found ament_lint_auto: 0.12.11 (/opt/ros/humble/share/ament_lint_auto/cmake)
[0.347s] -- Added test 'cppcheck' to perform static code analysis on C / C++ code
[0.347s] -- Configured cppcheck include dirs: 
[0.347s] -- Configured cppcheck exclude dirs and/or files: 
[0.350s] -- Added test 'flake8' to check Python code syntax and style conventions
[0.356s] -- Added test 'lint_cmake' to check CMake code style
[0.359s] -- Added test 'pep257' to check Python code against some of the docstring style conventions in PEP 257
[0.382s] -- Added test 'uncrustify' to check C / C++ code style
[0.382s] -- Configured uncrustify additional arguments: 
[0.385s] -- Added test 'xmllint' to check XML markup files
[0.386s] -- Configuring done
[0.390s] -- Generating done
[0.392s] -- Build files have been written to: /home/toni/ros2_ws/src/sam_bot_description/build/sam_bot_description
[0.422s] Invoked command in '/home/toni/ros2_ws/src/sam_bot_description/build/sam_bot_description' returned '0': CMAKE_PREFIX_PATH=/opt/ros/humble /usr/bin/cmake --build /home/toni/ros2_ws/src/sam_bot_description/build/sam_bot_description -- -j16 -l16
[0.490s] Invoking command in '/home/toni/ros2_ws/src/sam_bot_description/build/sam_bot_description': CMAKE_PREFIX_PATH=/opt/ros/humble /usr/bin/cmake --install /home/toni/ros2_ws/src/sam_bot_description/build/sam_bot_description
[0.506s] -- Install configuration: ""
[0.506s] -- Up-to-date: /home/toni/ros2_ws/src/sam_bot_description/install/sam_bot_description/share/sam_bot_description/src
[0.507s] -- Up-to-date: /home/toni/ros2_ws/src/sam_bot_description/install/sam_bot_description/share/sam_bot_description/src/description
[0.507s] -- Up-to-date: /home/toni/ros2_ws/src/sam_bot_description/install/sam_bot_description/share/sam_bot_description/src/description/sam_bot_description.urdf
[0.508s] -- Up-to-date: /home/toni/ros2_ws/src/sam_bot_description/install/sam_bot_description/share/sam_bot_description/launch
[0.508s] -- Installing: /home/toni/ros2_ws/src/sam_bot_description/install/sam_bot_description/share/sam_bot_description/launch/display.launch.py
[0.508s] -- Up-to-date: /home/toni/ros2_ws/src/sam_bot_description/install/sam_bot_description/share/sam_bot_description/rviz
[0.509s] -- Up-to-date: /home/toni/ros2_ws/src/sam_bot_description/install/sam_bot_description/share/sam_bot_description/rviz/urdf_config.rviz
[0.509s] -- Installing: /home/toni/ros2_ws/src/sam_bot_description/install/sam_bot_description/share/sam_bot_description/config
[0.509s] -- Installing: /home/toni/ros2_ws/src/sam_bot_description/install/sam_bot_description/share/sam_bot_description/config/ekf.yaml
[0.509s] -- Installing: /home/toni/ros2_ws/src/sam_bot_description/install/sam_bot_description/share/ament_index/resource_index/package_run_dependencies/sam_bot_description
[0.509s] -- Installing: /home/toni/ros2_ws/src/sam_bot_description/install/sam_bot_description/share/ament_index/resource_index/parent_prefix_path/sam_bot_description
[0.509s] -- Up-to-date: /home/toni/ros2_ws/src/sam_bot_description/install/sam_bot_description/share/sam_bot_description/environment/ament_prefix_path.sh
[0.510s] -- Installing: /home/toni/ros2_ws/src/sam_bot_description/install/sam_bot_description/share/sam_bot_description/environment/ament_prefix_path.dsv
[0.510s] -- Up-to-date: /home/toni/ros2_ws/src/sam_bot_description/install/sam_bot_description/share/sam_bot_description/environment/path.sh
[0.510s] -- Installing: /home/toni/ros2_ws/src/sam_bot_description/install/sam_bot_description/share/sam_bot_description/environment/path.dsv
[0.510s] -- Up-to-date: /home/toni/ros2_ws/src/sam_bot_description/install/sam_bot_description/share/sam_bot_description/local_setup.bash
[0.510s] -- Up-to-date: /home/toni/ros2_ws/src/sam_bot_description/install/sam_bot_description/share/sam_bot_description/local_setup.sh
[0.511s] -- Up-to-date: /home/toni/ros2_ws/src/sam_bot_description/install/sam_bot_description/share/sam_bot_description/local_setup.zsh
[0.511s] -- Installing: /home/toni/ros2_ws/src/sam_bot_description/install/sam_bot_description/share/sam_bot_description/local_setup.dsv
[0.511s] -- Installing: /home/toni/ros2_ws/src/sam_bot_description/install/sam_bot_description/share/sam_bot_description/package.dsv
[0.511s] -- Up-to-date: /home/toni/ros2_ws/src/sam_bot_description/install/sam_bot_description/share/ament_index/resource_index/packages/sam_bot_description
[0.512s] -- Up-to-date: /home/toni/ros2_ws/src/sam_bot_description/install/sam_bot_description/share/sam_bot_description/cmake/sam_bot_descriptionConfig.cmake
[0.512s] -- Up-to-date: /home/toni/ros2_ws/src/sam_bot_description/install/sam_bot_description/share/sam_bot_description/cmake/sam_bot_descriptionConfig-version.cmake
[0.513s] -- Installing: /home/toni/ros2_ws/src/sam_bot_description/install/sam_bot_description/share/sam_bot_description/package.xml
[0.513s] Invoked command in '/home/toni/ros2_ws/src/sam_bot_description/build/sam_bot_description' returned '0': CMAKE_PREFIX_PATH=/opt/ros/humble /usr/bin/cmake --install /home/toni/ros2_ws/src/sam_bot_description/build/sam_bot_description
