[0.017s] Invoking command in '/home/toni/ros2_ws/src/sam_bot_description/build/sam_bot_description': CMAKE_PREFIX_PATH=${CMAKE_PREFIX_PATH}:/opt/ros/humble /usr/bin/cmake --build /home/toni/ros2_ws/src/sam_bot_description/build/sam_bot_description -- -j16 -l16
[0.067s] Invoked command in '/home/toni/ros2_ws/src/sam_bot_description/build/sam_bot_description' returned '0': CMAKE_PREFIX_PATH=${CMAKE_PREFIX_PATH}:/opt/ros/humble /usr/bin/cmake --build /home/toni/ros2_ws/src/sam_bot_description/build/sam_bot_description -- -j16 -l16
[0.118s] Invoking command in '/home/toni/ros2_ws/src/sam_bot_description/build/sam_bot_description': CMAKE_PREFIX_PATH=${CMAKE_PREFIX_PATH}:/opt/ros/humble /usr/bin/cmake --install /home/toni/ros2_ws/src/sam_bot_description/build/sam_bot_description
[0.128s] -- Install configuration: ""
[0.128s] -- Up-to-date: /home/toni/ros2_ws/src/sam_bot_description/install/sam_bot_description/share/sam_bot_description/src
[0.129s] -- Up-to-date: /home/toni/ros2_ws/src/sam_bot_description/install/sam_bot_description/share/sam_bot_description/src/description
[0.129s] -- Installing: /home/toni/ros2_ws/src/sam_bot_description/install/sam_bot_description/share/sam_bot_description/src/description/sam_bot_description.urdf
[0.129s] -- Up-to-date: /home/toni/ros2_ws/src/sam_bot_description/install/sam_bot_description/share/sam_bot_description/launch
[0.129s] -- Up-to-date: /home/toni/ros2_ws/src/sam_bot_description/install/sam_bot_description/share/sam_bot_description/launch/display.launch.py
[0.129s] -- Up-to-date: /home/toni/ros2_ws/src/sam_bot_description/install/sam_bot_description/share/sam_bot_description/rviz
[0.130s] -- Up-to-date: /home/toni/ros2_ws/src/sam_bot_description/install/sam_bot_description/share/sam_bot_description/rviz/urdf_config.rviz
[0.130s] -- Up-to-date: /home/toni/ros2_ws/src/sam_bot_description/install/sam_bot_description/share/ament_index/resource_index/package_run_dependencies/sam_bot_description
[0.130s] -- Up-to-date: /home/toni/ros2_ws/src/sam_bot_description/install/sam_bot_description/share/ament_index/resource_index/parent_prefix_path/sam_bot_description
[0.130s] -- Up-to-date: /home/toni/ros2_ws/src/sam_bot_description/install/sam_bot_description/share/sam_bot_description/environment/ament_prefix_path.sh
[0.130s] -- Up-to-date: /home/toni/ros2_ws/src/sam_bot_description/install/sam_bot_description/share/sam_bot_description/environment/ament_prefix_path.dsv
[0.131s] -- Up-to-date: /home/toni/ros2_ws/src/sam_bot_description/install/sam_bot_description/share/sam_bot_description/environment/path.sh
[0.131s] -- Up-to-date: /home/toni/ros2_ws/src/sam_bot_description/install/sam_bot_description/share/sam_bot_description/environment/path.dsv
[0.131s] -- Up-to-date: /home/toni/ros2_ws/src/sam_bot_description/install/sam_bot_description/share/sam_bot_description/local_setup.bash
[0.131s] -- Up-to-date: /home/toni/ros2_ws/src/sam_bot_description/install/sam_bot_description/share/sam_bot_description/local_setup.sh
[0.132s] -- Up-to-date: /home/toni/ros2_ws/src/sam_bot_description/install/sam_bot_description/share/sam_bot_description/local_setup.zsh
[0.132s] -- Up-to-date: /home/toni/ros2_ws/src/sam_bot_description/install/sam_bot_description/share/sam_bot_description/local_setup.dsv
[0.132s] -- Installing: /home/toni/ros2_ws/src/sam_bot_description/install/sam_bot_description/share/sam_bot_description/package.dsv
[0.134s] -- Up-to-date: /home/toni/ros2_ws/src/sam_bot_description/install/sam_bot_description/share/ament_index/resource_index/packages/sam_bot_description
[0.134s] -- Up-to-date: /home/toni/ros2_ws/src/sam_bot_description/install/sam_bot_description/share/sam_bot_description/cmake/sam_bot_descriptionConfig.cmake
[0.135s] -- Up-to-date: /home/toni/ros2_ws/src/sam_bot_description/install/sam_bot_description/share/sam_bot_description/cmake/sam_bot_descriptionConfig-version.cmake
[0.135s] -- Up-to-date: /home/toni/ros2_ws/src/sam_bot_description/install/sam_bot_description/share/sam_bot_description/package.xml
[0.135s] Invoked command in '/home/toni/ros2_ws/src/sam_bot_description/build/sam_bot_description' returned '0': CMAKE_PREFIX_PATH=${CMAKE_PREFIX_PATH}:/opt/ros/humble /usr/bin/cmake --install /home/toni/ros2_ws/src/sam_bot_description/build/sam_bot_description
