[0.124s] DEBUG:colcon:Command line arguments: ['/usr/bin/colcon', 'build']
[0.124s] DEBUG:colcon:Parsed command line arguments: Namespace(log_base=None, log_level=None, verb_name='build', build_base='build', install_base='install', merge_install=False, symlink_install=False, test_result_base=None, continue_on_error=False, executor='parallel', parallel_workers=16, event_handlers=None, ignore_user_meta=False, metas=['./colcon.meta'], base_paths=['.'], packages_ignore=None, packages_ignore_regex=None, paths=None, packages_up_to=None, packages_up_to_regex=None, packages_above=None, packages_above_and_dependencies=None, packages_above_depth=None, packages_select_by_dep=None, packages_skip_by_dep=None, packages_skip_up_to=None, packages_select_build_failed=False, packages_skip_build_finished=False, packages_select_test_failures=False, packages_skip_test_passed=False, packages_select=None, packages_skip=None, packages_select_regex=None, packages_skip_regex=None, packages_start=None, packages_end=None, allow_overriding=[], cmake_args=None, cmake_target=None, cmake_target_skip_unavailable=False, cmake_clean_cache=False, cmake_clean_first=False, cmake_force_configure=False, ament_cmake_args=None, catkin_cmake_args=None, catkin_skip_building_tests=False, mixin_files=None, mixin=None, verb_parser=<colcon_mixin.mixin.mixin_argument.MixinArgumentDecorator object at 0x7dd941dbe170>, verb_extension=<colcon_core.verb.build.BuildVerb object at 0x7dd941dbdba0>, main=<bound method BuildVerb.main of <colcon_core.verb.build.BuildVerb object at 0x7dd941dbdba0>>, mixin_verb=('build',))
[0.295s] Level 1:colcon.colcon_core.package_discovery:discover_packages(colcon_meta) check parameters
[0.296s] Level 1:colcon.colcon_core.package_discovery:discover_packages(recursive) check parameters
[0.296s] Level 1:colcon.colcon_core.package_discovery:discover_packages(ignore) check parameters
[0.296s] Level 1:colcon.colcon_core.package_discovery:discover_packages(path) check parameters
[0.296s] Level 1:colcon.colcon_core.package_discovery:discover_packages(colcon_meta) discover
[0.296s] Level 1:colcon.colcon_core.package_discovery:discover_packages(recursive) discover
[0.296s] INFO:colcon.colcon_core.package_discovery:Crawling recursively for packages in '/home/toni/ros2_ws/src/sam_bot_description'
[0.296s] Level 1:colcon.colcon_core.package_identification:_identify(.) by extensions ['ignore', 'ignore_ament_install']
[0.296s] Level 1:colcon.colcon_core.package_identification:_identify(.) by extension 'ignore'
[0.296s] Level 1:colcon.colcon_core.package_identification:_identify(.) by extension 'ignore_ament_install'
[0.296s] Level 1:colcon.colcon_core.package_identification:_identify(.) by extensions ['colcon_pkg']
[0.296s] Level 1:colcon.colcon_core.package_identification:_identify(.) by extension 'colcon_pkg'
[0.296s] Level 1:colcon.colcon_core.package_identification:_identify(.) by extensions ['colcon_meta']
[0.296s] Level 1:colcon.colcon_core.package_identification:_identify(.) by extension 'colcon_meta'
[0.296s] Level 1:colcon.colcon_core.package_identification:_identify(.) by extensions ['ros']
[0.296s] Level 1:colcon.colcon_core.package_identification:_identify(.) by extension 'ros'
[0.311s] DEBUG:colcon.colcon_core.package_identification:Package '.' with type 'ros.ament_cmake' and name 'sam_bot_description'
[0.311s] Level 1:colcon.colcon_core.package_discovery:discover_packages(recursive) using defaults
[0.311s] Level 1:colcon.colcon_core.package_discovery:discover_packages(ignore) discover
[0.311s] Level 1:colcon.colcon_core.package_discovery:discover_packages(ignore) using defaults
[0.311s] Level 1:colcon.colcon_core.package_discovery:discover_packages(path) discover
[0.311s] Level 1:colcon.colcon_core.package_discovery:discover_packages(path) using defaults
[0.330s] Level 1:colcon.colcon_core.package_discovery:discover_packages(prefix_path) check parameters
[0.330s] Level 1:colcon.colcon_core.package_discovery:discover_packages(prefix_path) discover
[0.332s] DEBUG:colcon.colcon_installed_package_information.package_discovery:Found 1 installed packages in /home/toni/ros2_ws/src/sam_bot_description/install
[0.333s] DEBUG:colcon.colcon_installed_package_information.package_discovery:Found 53 installed packages in /home/toni/ros2_ws/install
[0.336s] DEBUG:colcon.colcon_installed_package_information.package_discovery:Found 365 installed packages in /opt/ros/humble
[0.350s] Level 1:colcon.colcon_core.package_discovery:discover_packages(prefix_path) using defaults
[0.404s] Level 5:colcon.colcon_core.verb:set package 'sam_bot_description' build argument 'cmake_args' from command line to 'None'
[0.404s] Level 5:colcon.colcon_core.verb:set package 'sam_bot_description' build argument 'cmake_target' from command line to 'None'
[0.404s] Level 5:colcon.colcon_core.verb:set package 'sam_bot_description' build argument 'cmake_target_skip_unavailable' from command line to 'False'
[0.405s] Level 5:colcon.colcon_core.verb:set package 'sam_bot_description' build argument 'cmake_clean_cache' from command line to 'False'
[0.405s] Level 5:colcon.colcon_core.verb:set package 'sam_bot_description' build argument 'cmake_clean_first' from command line to 'False'
[0.405s] Level 5:colcon.colcon_core.verb:set package 'sam_bot_description' build argument 'cmake_force_configure' from command line to 'False'
[0.405s] Level 5:colcon.colcon_core.verb:set package 'sam_bot_description' build argument 'ament_cmake_args' from command line to 'None'
[0.405s] Level 5:colcon.colcon_core.verb:set package 'sam_bot_description' build argument 'catkin_cmake_args' from command line to 'None'
[0.405s] Level 5:colcon.colcon_core.verb:set package 'sam_bot_description' build argument 'catkin_skip_building_tests' from command line to 'False'
[0.405s] DEBUG:colcon.colcon_core.verb:Building package 'sam_bot_description' with the following arguments: {'ament_cmake_args': None, 'build_base': '/home/toni/ros2_ws/src/sam_bot_description/build/sam_bot_description', 'catkin_cmake_args': None, 'catkin_skip_building_tests': False, 'cmake_args': None, 'cmake_clean_cache': False, 'cmake_clean_first': False, 'cmake_force_configure': False, 'cmake_target': None, 'cmake_target_skip_unavailable': False, 'install_base': '/home/toni/ros2_ws/src/sam_bot_description/install/sam_bot_description', 'merge_install': False, 'path': '/home/toni/ros2_ws/src/sam_bot_description', 'symlink_install': False, 'test_result_base': None}
[0.405s] INFO:colcon.colcon_core.executor:Executing jobs using 'parallel' executor
[0.406s] DEBUG:colcon.colcon_parallel_executor.executor.parallel:run_until_complete
[0.406s] INFO:colcon.colcon_ros.task.ament_cmake.build:Building ROS package in '/home/toni/ros2_ws/src/sam_bot_description' with build type 'ament_cmake'
[0.406s] INFO:colcon.colcon_cmake.task.cmake.build:Building CMake package in '/home/toni/ros2_ws/src/sam_bot_description'
[0.409s] INFO:colcon.colcon_core.plugin_system:Skipping extension 'colcon_core.shell.bat': Not used on non-Windows systems
[0.409s] INFO:colcon.colcon_core.shell:Skip shell extension 'powershell' for command environment: Not usable outside of PowerShell
[0.409s] DEBUG:colcon.colcon_core.shell:Skip shell extension 'dsv' for command environment
[0.423s] DEBUG:colcon.colcon_core.event_handler.log_command:Invoking command in '/home/toni/ros2_ws/src/sam_bot_description/build/sam_bot_description': CMAKE_PREFIX_PATH=${CMAKE_PREFIX_PATH}:/opt/ros/humble /usr/bin/cmake --build /home/toni/ros2_ws/src/sam_bot_description/build/sam_bot_description -- -j16 -l16
[0.473s] DEBUG:colcon.colcon_core.event_handler.log_command:Invoked command in '/home/toni/ros2_ws/src/sam_bot_description/build/sam_bot_description' returned '0': CMAKE_PREFIX_PATH=${CMAKE_PREFIX_PATH}:/opt/ros/humble /usr/bin/cmake --build /home/toni/ros2_ws/src/sam_bot_description/build/sam_bot_description -- -j16 -l16
[0.515s] DEBUG:colcon.colcon_core.event_handler.log_command:Invoking command in '/home/toni/ros2_ws/src/sam_bot_description/build/sam_bot_description': CMAKE_PREFIX_PATH=${CMAKE_PREFIX_PATH}:/opt/ros/humble /usr/bin/cmake --install /home/toni/ros2_ws/src/sam_bot_description/build/sam_bot_description
[0.539s] Level 1:colcon.colcon_core.environment:create_environment_scripts_only(sam_bot_description)
[0.540s] DEBUG:colcon.colcon_core.event_handler.log_command:Invoked command in '/home/toni/ros2_ws/src/sam_bot_description/build/sam_bot_description' returned '0': CMAKE_PREFIX_PATH=${CMAKE_PREFIX_PATH}:/opt/ros/humble /usr/bin/cmake --install /home/toni/ros2_ws/src/sam_bot_description/build/sam_bot_description
[0.545s] Level 1:colcon.colcon_core.environment:checking '/home/toni/ros2_ws/src/sam_bot_description/install/sam_bot_description' for CMake module files
[0.547s] Level 1:colcon.colcon_core.environment:checking '/home/toni/ros2_ws/src/sam_bot_description/install/sam_bot_description' for CMake config files
[0.548s] Level 1:colcon.colcon_core.shell:create_environment_hook('sam_bot_description', 'cmake_prefix_path')
[0.548s] INFO:colcon.colcon_core.shell:Creating environment hook '/home/toni/ros2_ws/src/sam_bot_description/install/sam_bot_description/share/sam_bot_description/hook/cmake_prefix_path.ps1'
[0.550s] INFO:colcon.colcon_core.shell:Creating environment descriptor '/home/toni/ros2_ws/src/sam_bot_description/install/sam_bot_description/share/sam_bot_description/hook/cmake_prefix_path.dsv'
[0.551s] INFO:colcon.colcon_core.shell:Creating environment hook '/home/toni/ros2_ws/src/sam_bot_description/install/sam_bot_description/share/sam_bot_description/hook/cmake_prefix_path.sh'
[0.553s] Level 1:colcon.colcon_core.environment:checking '/home/toni/ros2_ws/src/sam_bot_description/install/sam_bot_description/bin'
[0.553s] Level 1:colcon.colcon_core.environment:checking '/home/toni/ros2_ws/src/sam_bot_description/install/sam_bot_description/lib/pkgconfig/sam_bot_description.pc'
[0.554s] Level 1:colcon.colcon_core.environment:checking '/home/toni/ros2_ws/src/sam_bot_description/install/sam_bot_description/lib/python3.10/site-packages'
[0.554s] Level 1:colcon.colcon_core.environment:checking '/home/toni/ros2_ws/src/sam_bot_description/install/sam_bot_description/bin'
[0.555s] INFO:colcon.colcon_core.shell:Creating package script '/home/toni/ros2_ws/src/sam_bot_description/install/sam_bot_description/share/sam_bot_description/package.ps1'
[0.556s] INFO:colcon.colcon_core.shell:Creating package descriptor '/home/toni/ros2_ws/src/sam_bot_description/install/sam_bot_description/share/sam_bot_description/package.dsv'
[0.558s] INFO:colcon.colcon_core.shell:Creating package script '/home/toni/ros2_ws/src/sam_bot_description/install/sam_bot_description/share/sam_bot_description/package.sh'
[0.559s] INFO:colcon.colcon_core.shell:Creating package script '/home/toni/ros2_ws/src/sam_bot_description/install/sam_bot_description/share/sam_bot_description/package.bash'
[0.561s] INFO:colcon.colcon_core.shell:Creating package script '/home/toni/ros2_ws/src/sam_bot_description/install/sam_bot_description/share/sam_bot_description/package.zsh'
[0.563s] Level 1:colcon.colcon_core.environment:create_file_with_runtime_dependencies(/home/toni/ros2_ws/src/sam_bot_description/install/sam_bot_description/share/colcon-core/packages/sam_bot_description)
[0.607s] Level 1:colcon.colcon_core.environment:create_environment_scripts_only(sam_bot_description)
[0.607s] Level 1:colcon.colcon_core.environment:checking '/home/toni/ros2_ws/src/sam_bot_description/install/sam_bot_description' for CMake module files
[0.608s] Level 1:colcon.colcon_core.environment:checking '/home/toni/ros2_ws/src/sam_bot_description/install/sam_bot_description' for CMake config files
[0.608s] Level 1:colcon.colcon_core.shell:create_environment_hook('sam_bot_description', 'cmake_prefix_path')
[0.609s] INFO:colcon.colcon_core.shell:Creating environment hook '/home/toni/ros2_ws/src/sam_bot_description/install/sam_bot_description/share/sam_bot_description/hook/cmake_prefix_path.ps1'
[0.609s] INFO:colcon.colcon_core.shell:Creating environment descriptor '/home/toni/ros2_ws/src/sam_bot_description/install/sam_bot_description/share/sam_bot_description/hook/cmake_prefix_path.dsv'
[0.610s] INFO:colcon.colcon_core.shell:Creating environment hook '/home/toni/ros2_ws/src/sam_bot_description/install/sam_bot_description/share/sam_bot_description/hook/cmake_prefix_path.sh'
[0.610s] Level 1:colcon.colcon_core.environment:checking '/home/toni/ros2_ws/src/sam_bot_description/install/sam_bot_description/bin'
[0.610s] Level 1:colcon.colcon_core.environment:checking '/home/toni/ros2_ws/src/sam_bot_description/install/sam_bot_description/lib/pkgconfig/sam_bot_description.pc'
[0.611s] Level 1:colcon.colcon_core.environment:checking '/home/toni/ros2_ws/src/sam_bot_description/install/sam_bot_description/lib/python3.10/site-packages'
[0.611s] Level 1:colcon.colcon_core.environment:checking '/home/toni/ros2_ws/src/sam_bot_description/install/sam_bot_description/bin'
[0.611s] INFO:colcon.colcon_core.shell:Creating package script '/home/toni/ros2_ws/src/sam_bot_description/install/sam_bot_description/share/sam_bot_description/package.ps1'
[0.612s] INFO:colcon.colcon_core.shell:Creating package descriptor '/home/toni/ros2_ws/src/sam_bot_description/install/sam_bot_description/share/sam_bot_description/package.dsv'
[0.612s] INFO:colcon.colcon_core.shell:Creating package script '/home/toni/ros2_ws/src/sam_bot_description/install/sam_bot_description/share/sam_bot_description/package.sh'
[0.613s] INFO:colcon.colcon_core.shell:Creating package script '/home/toni/ros2_ws/src/sam_bot_description/install/sam_bot_description/share/sam_bot_description/package.bash'
[0.614s] INFO:colcon.colcon_core.shell:Creating package script '/home/toni/ros2_ws/src/sam_bot_description/install/sam_bot_description/share/sam_bot_description/package.zsh'
[0.614s] Level 1:colcon.colcon_core.environment:create_file_with_runtime_dependencies(/home/toni/ros2_ws/src/sam_bot_description/install/sam_bot_description/share/colcon-core/packages/sam_bot_description)
[0.614s] DEBUG:colcon.colcon_parallel_executor.executor.parallel:closing loop
[0.615s] DEBUG:colcon.colcon_parallel_executor.executor.parallel:loop closed
[0.615s] DEBUG:colcon.colcon_parallel_executor.executor.parallel:run_until_complete finished with '0'
[0.615s] DEBUG:colcon.colcon_core.event_reactor:joining thread
[0.628s] INFO:colcon.colcon_core.plugin_system:Skipping extension 'colcon_notification.desktop_notification.terminal_notifier': Not used on non-Darwin systems
[0.628s] INFO:colcon.colcon_core.plugin_system:Skipping extension 'colcon_notification.desktop_notification.win32': Not used on non-Windows systems
[0.628s] INFO:colcon.colcon_notification.desktop_notification:Sending desktop notification using 'notify2'
[0.642s] DEBUG:colcon.colcon_core.event_reactor:joined thread
[0.642s] INFO:colcon.colcon_core.shell:Creating prefix script '/home/toni/ros2_ws/src/sam_bot_description/install/local_setup.ps1'
[0.643s] INFO:colcon.colcon_core.shell:Creating prefix util module '/home/toni/ros2_ws/src/sam_bot_description/install/_local_setup_util_ps1.py'
[0.645s] INFO:colcon.colcon_core.shell:Creating prefix chain script '/home/toni/ros2_ws/src/sam_bot_description/install/setup.ps1'
[0.646s] INFO:colcon.colcon_core.shell:Creating prefix script '/home/toni/ros2_ws/src/sam_bot_description/install/local_setup.sh'
[0.647s] INFO:colcon.colcon_core.shell:Creating prefix util module '/home/toni/ros2_ws/src/sam_bot_description/install/_local_setup_util_sh.py'
[0.647s] INFO:colcon.colcon_core.shell:Creating prefix chain script '/home/toni/ros2_ws/src/sam_bot_description/install/setup.sh'
[0.649s] INFO:colcon.colcon_core.shell:Creating prefix script '/home/toni/ros2_ws/src/sam_bot_description/install/local_setup.bash'
[0.649s] INFO:colcon.colcon_core.shell:Creating prefix chain script '/home/toni/ros2_ws/src/sam_bot_description/install/setup.bash'
[0.651s] INFO:colcon.colcon_core.shell:Creating prefix script '/home/toni/ros2_ws/src/sam_bot_description/install/local_setup.zsh'
[0.651s] INFO:colcon.colcon_core.shell:Creating prefix chain script '/home/toni/ros2_ws/src/sam_bot_description/install/setup.zsh'
