[0.127s] DEBUG:colcon:Command line arguments: ['/usr/bin/colcon', 'build']
[0.127s] DEBUG:colcon:Parsed command line arguments: Namespace(log_base=None, log_level=None, verb_name='build', build_base='build', install_base='install', merge_install=False, symlink_install=False, test_result_base=None, continue_on_error=False, executor='parallel', parallel_workers=16, event_handlers=None, ignore_user_meta=False, metas=['./colcon.meta'], base_paths=['.'], packages_ignore=None, packages_ignore_regex=None, paths=None, packages_up_to=None, packages_up_to_regex=None, packages_above=None, packages_above_and_dependencies=None, packages_above_depth=None, packages_select_by_dep=None, packages_skip_by_dep=None, packages_skip_up_to=None, packages_select_build_failed=False, packages_skip_build_finished=False, packages_select_test_failures=False, packages_skip_test_passed=False, packages_select=None, packages_skip=None, packages_select_regex=None, packages_skip_regex=None, packages_start=None, packages_end=None, allow_overriding=[], cmake_args=None, cmake_target=None, cmake_target_skip_unavailable=False, cmake_clean_cache=False, cmake_clean_first=False, cmake_force_configure=False, ament_cmake_args=None, catkin_cmake_args=None, catkin_skip_building_tests=False, mixin_files=None, mixin=None, verb_parser=<colcon_mixin.mixin.mixin_argument.MixinArgumentDecorator object at 0x7740ab1de140>, verb_extension=<colcon_core.verb.build.BuildVerb object at 0x7740ab1ddb70>, main=<bound method BuildVerb.main of <colcon_core.verb.build.BuildVerb object at 0x7740ab1ddb70>>, mixin_verb=('build',))
[0.305s] Level 1:colcon.colcon_core.package_discovery:discover_packages(colcon_meta) check parameters
[0.305s] Level 1:colcon.colcon_core.package_discovery:discover_packages(recursive) check parameters
[0.305s] Level 1:colcon.colcon_core.package_discovery:discover_packages(ignore) check parameters
[0.305s] Level 1:colcon.colcon_core.package_discovery:discover_packages(path) check parameters
[0.305s] Level 1:colcon.colcon_core.package_discovery:discover_packages(colcon_meta) discover
[0.305s] Level 1:colcon.colcon_core.package_discovery:discover_packages(recursive) discover
[0.305s] INFO:colcon.colcon_core.package_discovery:Crawling recursively for packages in '/home/toni/ros2_ws/src/sam_bot_description'
[0.305s] Level 1:colcon.colcon_core.package_identification:_identify(.) by extensions ['ignore', 'ignore_ament_install']
[0.305s] Level 1:colcon.colcon_core.package_identification:_identify(.) by extension 'ignore'
[0.305s] Level 1:colcon.colcon_core.package_identification:_identify(.) by extension 'ignore_ament_install'
[0.305s] Level 1:colcon.colcon_core.package_identification:_identify(.) by extensions ['colcon_pkg']
[0.305s] Level 1:colcon.colcon_core.package_identification:_identify(.) by extension 'colcon_pkg'
[0.305s] Level 1:colcon.colcon_core.package_identification:_identify(.) by extensions ['colcon_meta']
[0.306s] Level 1:colcon.colcon_core.package_identification:_identify(.) by extension 'colcon_meta'
[0.306s] Level 1:colcon.colcon_core.package_identification:_identify(.) by extensions ['ros']
[0.306s] Level 1:colcon.colcon_core.package_identification:_identify(.) by extension 'ros'
[0.320s] DEBUG:colcon.colcon_core.package_identification:Package '.' with type 'ros.ament_cmake' and name 'sam_bot_description'
[0.320s] Level 1:colcon.colcon_core.package_discovery:discover_packages(recursive) using defaults
[0.320s] Level 1:colcon.colcon_core.package_discovery:discover_packages(ignore) discover
[0.320s] Level 1:colcon.colcon_core.package_discovery:discover_packages(ignore) using defaults
[0.320s] Level 1:colcon.colcon_core.package_discovery:discover_packages(path) discover
[0.320s] Level 1:colcon.colcon_core.package_discovery:discover_packages(path) using defaults
[0.340s] Level 1:colcon.colcon_core.package_discovery:discover_packages(prefix_path) check parameters
[0.340s] Level 1:colcon.colcon_core.package_discovery:discover_packages(prefix_path) discover
[0.343s] DEBUG:colcon.colcon_installed_package_information.package_discovery:Found 53 installed packages in /home/toni/ros2_ws/install
[0.345s] DEBUG:colcon.colcon_installed_package_information.package_discovery:Found 365 installed packages in /opt/ros/humble
[0.361s] Level 1:colcon.colcon_core.package_discovery:discover_packages(prefix_path) using defaults
[0.422s] Level 5:colcon.colcon_core.verb:set package 'sam_bot_description' build argument 'cmake_args' from command line to 'None'
[0.422s] Level 5:colcon.colcon_core.verb:set package 'sam_bot_description' build argument 'cmake_target' from command line to 'None'
[0.422s] Level 5:colcon.colcon_core.verb:set package 'sam_bot_description' build argument 'cmake_target_skip_unavailable' from command line to 'False'
[0.422s] Level 5:colcon.colcon_core.verb:set package 'sam_bot_description' build argument 'cmake_clean_cache' from command line to 'False'
[0.422s] Level 5:colcon.colcon_core.verb:set package 'sam_bot_description' build argument 'cmake_clean_first' from command line to 'False'
[0.422s] Level 5:colcon.colcon_core.verb:set package 'sam_bot_description' build argument 'cmake_force_configure' from command line to 'False'
[0.422s] Level 5:colcon.colcon_core.verb:set package 'sam_bot_description' build argument 'ament_cmake_args' from command line to 'None'
[0.422s] Level 5:colcon.colcon_core.verb:set package 'sam_bot_description' build argument 'catkin_cmake_args' from command line to 'None'
[0.422s] Level 5:colcon.colcon_core.verb:set package 'sam_bot_description' build argument 'catkin_skip_building_tests' from command line to 'False'
[0.422s] DEBUG:colcon.colcon_core.verb:Building package 'sam_bot_description' with the following arguments: {'ament_cmake_args': None, 'build_base': '/home/toni/ros2_ws/src/sam_bot_description/build/sam_bot_description', 'catkin_cmake_args': None, 'catkin_skip_building_tests': False, 'cmake_args': None, 'cmake_clean_cache': False, 'cmake_clean_first': False, 'cmake_force_configure': False, 'cmake_target': None, 'cmake_target_skip_unavailable': False, 'install_base': '/home/toni/ros2_ws/src/sam_bot_description/install/sam_bot_description', 'merge_install': False, 'path': '/home/toni/ros2_ws/src/sam_bot_description', 'symlink_install': False, 'test_result_base': None}
[0.422s] INFO:colcon.colcon_core.executor:Executing jobs using 'parallel' executor
[0.424s] DEBUG:colcon.colcon_parallel_executor.executor.parallel:run_until_complete
[0.424s] INFO:colcon.colcon_ros.task.ament_cmake.build:Building ROS package in '/home/toni/ros2_ws/src/sam_bot_description' with build type 'ament_cmake'
[0.424s] INFO:colcon.colcon_cmake.task.cmake.build:Building CMake package in '/home/toni/ros2_ws/src/sam_bot_description'
[0.427s] INFO:colcon.colcon_core.plugin_system:Skipping extension 'colcon_core.shell.bat': Not used on non-Windows systems
[0.427s] INFO:colcon.colcon_core.shell:Skip shell extension 'powershell' for command environment: Not usable outside of PowerShell
[0.427s] DEBUG:colcon.colcon_core.shell:Skip shell extension 'dsv' for command environment
[0.440s] DEBUG:colcon.colcon_core.event_handler.log_command:Invoking command in '/home/toni/ros2_ws/src/sam_bot_description/build/sam_bot_description': CMAKE_PREFIX_PATH=${CMAKE_PREFIX_PATH}:/opt/ros/humble /usr/bin/cmake /home/toni/ros2_ws/src/sam_bot_description -DCMAKE_INSTALL_PREFIX=/home/toni/ros2_ws/src/sam_bot_description/install/sam_bot_description
[1.390s] DEBUG:colcon.colcon_core.event_handler.log_command:Invoked command in '/home/toni/ros2_ws/src/sam_bot_description/build/sam_bot_description' returned '0': CMAKE_PREFIX_PATH=${CMAKE_PREFIX_PATH}:/opt/ros/humble /usr/bin/cmake /home/toni/ros2_ws/src/sam_bot_description -DCMAKE_INSTALL_PREFIX=/home/toni/ros2_ws/src/sam_bot_description/install/sam_bot_description
[1.391s] DEBUG:colcon.colcon_core.event_handler.log_command:Invoking command in '/home/toni/ros2_ws/src/sam_bot_description/build/sam_bot_description': CMAKE_PREFIX_PATH=${CMAKE_PREFIX_PATH}:/opt/ros/humble /usr/bin/cmake --build /home/toni/ros2_ws/src/sam_bot_description/build/sam_bot_description -- -j16 -l16
[1.478s] DEBUG:colcon.colcon_core.event_handler.log_command:Invoked command in '/home/toni/ros2_ws/src/sam_bot_description/build/sam_bot_description' returned '0': CMAKE_PREFIX_PATH=${CMAKE_PREFIX_PATH}:/opt/ros/humble /usr/bin/cmake --build /home/toni/ros2_ws/src/sam_bot_description/build/sam_bot_description -- -j16 -l16
[1.549s] DEBUG:colcon.colcon_core.event_handler.log_command:Invoking command in '/home/toni/ros2_ws/src/sam_bot_description/build/sam_bot_description': CMAKE_PREFIX_PATH=${CMAKE_PREFIX_PATH}:/opt/ros/humble /usr/bin/cmake --install /home/toni/ros2_ws/src/sam_bot_description/build/sam_bot_description
[1.568s] Level 1:colcon.colcon_core.environment:create_environment_scripts_only(sam_bot_description)
[1.569s] DEBUG:colcon.colcon_core.event_handler.log_command:Invoked command in '/home/toni/ros2_ws/src/sam_bot_description/build/sam_bot_description' returned '0': CMAKE_PREFIX_PATH=${CMAKE_PREFIX_PATH}:/opt/ros/humble /usr/bin/cmake --install /home/toni/ros2_ws/src/sam_bot_description/build/sam_bot_description
[1.576s] Level 1:colcon.colcon_core.environment:checking '/home/toni/ros2_ws/src/sam_bot_description/install/sam_bot_description' for CMake module files
[1.577s] Level 1:colcon.colcon_core.environment:checking '/home/toni/ros2_ws/src/sam_bot_description/install/sam_bot_description' for CMake config files
[1.578s] Level 1:colcon.colcon_core.shell:create_environment_hook('sam_bot_description', 'cmake_prefix_path')
[1.578s] INFO:colcon.colcon_core.shell:Creating environment hook '/home/toni/ros2_ws/src/sam_bot_description/install/sam_bot_description/share/sam_bot_description/hook/cmake_prefix_path.ps1'
[1.580s] INFO:colcon.colcon_core.shell:Creating environment descriptor '/home/toni/ros2_ws/src/sam_bot_description/install/sam_bot_description/share/sam_bot_description/hook/cmake_prefix_path.dsv'
[1.581s] INFO:colcon.colcon_core.shell:Creating environment hook '/home/toni/ros2_ws/src/sam_bot_description/install/sam_bot_description/share/sam_bot_description/hook/cmake_prefix_path.sh'
[1.583s] Level 1:colcon.colcon_core.environment:checking '/home/toni/ros2_ws/src/sam_bot_description/install/sam_bot_description/bin'
[1.583s] Level 1:colcon.colcon_core.environment:checking '/home/toni/ros2_ws/src/sam_bot_description/install/sam_bot_description/lib/pkgconfig/sam_bot_description.pc'
[1.584s] Level 1:colcon.colcon_core.environment:checking '/home/toni/ros2_ws/src/sam_bot_description/install/sam_bot_description/lib/python3.10/site-packages'
[1.584s] Level 1:colcon.colcon_core.environment:checking '/home/toni/ros2_ws/src/sam_bot_description/install/sam_bot_description/bin'
[1.585s] INFO:colcon.colcon_core.shell:Creating package script '/home/toni/ros2_ws/src/sam_bot_description/install/sam_bot_description/share/sam_bot_description/package.ps1'
[1.586s] INFO:colcon.colcon_core.shell:Creating package descriptor '/home/toni/ros2_ws/src/sam_bot_description/install/sam_bot_description/share/sam_bot_description/package.dsv'
[1.588s] INFO:colcon.colcon_core.shell:Creating package script '/home/toni/ros2_ws/src/sam_bot_description/install/sam_bot_description/share/sam_bot_description/package.sh'
[1.589s] INFO:colcon.colcon_core.shell:Creating package script '/home/toni/ros2_ws/src/sam_bot_description/install/sam_bot_description/share/sam_bot_description/package.bash'
[1.591s] INFO:colcon.colcon_core.shell:Creating package script '/home/toni/ros2_ws/src/sam_bot_description/install/sam_bot_description/share/sam_bot_description/package.zsh'
[1.592s] Level 1:colcon.colcon_core.environment:create_file_with_runtime_dependencies(/home/toni/ros2_ws/src/sam_bot_description/install/sam_bot_description/share/colcon-core/packages/sam_bot_description)
[1.632s] Level 1:colcon.colcon_core.environment:create_environment_scripts_only(sam_bot_description)
[1.633s] Level 1:colcon.colcon_core.environment:checking '/home/toni/ros2_ws/src/sam_bot_description/install/sam_bot_description' for CMake module files
[1.634s] Level 1:colcon.colcon_core.environment:checking '/home/toni/ros2_ws/src/sam_bot_description/install/sam_bot_description' for CMake config files
[1.635s] Level 1:colcon.colcon_core.shell:create_environment_hook('sam_bot_description', 'cmake_prefix_path')
[1.636s] INFO:colcon.colcon_core.shell:Creating environment hook '/home/toni/ros2_ws/src/sam_bot_description/install/sam_bot_description/share/sam_bot_description/hook/cmake_prefix_path.ps1'
[1.637s] INFO:colcon.colcon_core.shell:Creating environment descriptor '/home/toni/ros2_ws/src/sam_bot_description/install/sam_bot_description/share/sam_bot_description/hook/cmake_prefix_path.dsv'
[1.637s] INFO:colcon.colcon_core.shell:Creating environment hook '/home/toni/ros2_ws/src/sam_bot_description/install/sam_bot_description/share/sam_bot_description/hook/cmake_prefix_path.sh'
[1.638s] Level 1:colcon.colcon_core.environment:checking '/home/toni/ros2_ws/src/sam_bot_description/install/sam_bot_description/bin'
[1.639s] Level 1:colcon.colcon_core.environment:checking '/home/toni/ros2_ws/src/sam_bot_description/install/sam_bot_description/lib/pkgconfig/sam_bot_description.pc'
[1.639s] Level 1:colcon.colcon_core.environment:checking '/home/toni/ros2_ws/src/sam_bot_description/install/sam_bot_description/lib/python3.10/site-packages'
[1.640s] Level 1:colcon.colcon_core.environment:checking '/home/toni/ros2_ws/src/sam_bot_description/install/sam_bot_description/bin'
[1.640s] INFO:colcon.colcon_core.shell:Creating package script '/home/toni/ros2_ws/src/sam_bot_description/install/sam_bot_description/share/sam_bot_description/package.ps1'
[1.642s] INFO:colcon.colcon_core.shell:Creating package descriptor '/home/toni/ros2_ws/src/sam_bot_description/install/sam_bot_description/share/sam_bot_description/package.dsv'
[1.643s] INFO:colcon.colcon_core.shell:Creating package script '/home/toni/ros2_ws/src/sam_bot_description/install/sam_bot_description/share/sam_bot_description/package.sh'
[1.644s] INFO:colcon.colcon_core.shell:Creating package script '/home/toni/ros2_ws/src/sam_bot_description/install/sam_bot_description/share/sam_bot_description/package.bash'
[1.645s] INFO:colcon.colcon_core.shell:Creating package script '/home/toni/ros2_ws/src/sam_bot_description/install/sam_bot_description/share/sam_bot_description/package.zsh'
[1.646s] Level 1:colcon.colcon_core.environment:create_file_with_runtime_dependencies(/home/toni/ros2_ws/src/sam_bot_description/install/sam_bot_description/share/colcon-core/packages/sam_bot_description)
[1.646s] DEBUG:colcon.colcon_parallel_executor.executor.parallel:closing loop
[1.647s] DEBUG:colcon.colcon_parallel_executor.executor.parallel:loop closed
[1.647s] DEBUG:colcon.colcon_parallel_executor.executor.parallel:run_until_complete finished with '0'
[1.647s] DEBUG:colcon.colcon_core.event_reactor:joining thread
[1.656s] INFO:colcon.colcon_core.plugin_system:Skipping extension 'colcon_notification.desktop_notification.terminal_notifier': Not used on non-Darwin systems
[1.656s] INFO:colcon.colcon_core.plugin_system:Skipping extension 'colcon_notification.desktop_notification.win32': Not used on non-Windows systems
[1.656s] INFO:colcon.colcon_notification.desktop_notification:Sending desktop notification using 'notify2'
[1.679s] DEBUG:colcon.colcon_core.event_reactor:joined thread
[1.680s] INFO:colcon.colcon_core.shell:Creating prefix script '/home/toni/ros2_ws/src/sam_bot_description/install/local_setup.ps1'
[1.682s] INFO:colcon.colcon_core.shell:Creating prefix util module '/home/toni/ros2_ws/src/sam_bot_description/install/_local_setup_util_ps1.py'
[1.685s] INFO:colcon.colcon_core.shell:Creating prefix chain script '/home/toni/ros2_ws/src/sam_bot_description/install/setup.ps1'
[1.687s] INFO:colcon.colcon_core.shell:Creating prefix script '/home/toni/ros2_ws/src/sam_bot_description/install/local_setup.sh'
[1.689s] INFO:colcon.colcon_core.shell:Creating prefix util module '/home/toni/ros2_ws/src/sam_bot_description/install/_local_setup_util_sh.py'
[1.690s] INFO:colcon.colcon_core.shell:Creating prefix chain script '/home/toni/ros2_ws/src/sam_bot_description/install/setup.sh'
[1.692s] INFO:colcon.colcon_core.shell:Creating prefix script '/home/toni/ros2_ws/src/sam_bot_description/install/local_setup.bash'
[1.693s] INFO:colcon.colcon_core.shell:Creating prefix chain script '/home/toni/ros2_ws/src/sam_bot_description/install/setup.bash'
[1.695s] INFO:colcon.colcon_core.shell:Creating prefix script '/home/toni/ros2_ws/src/sam_bot_description/install/local_setup.zsh'
[1.696s] INFO:colcon.colcon_core.shell:Creating prefix chain script '/home/toni/ros2_ws/src/sam_bot_description/install/setup.zsh'
